<?xml version="1.0" encoding="UTF-8"?>
<testng-results skipped="0" failed="0" ignored="0" total="1" passed="1">
  <reporter-output>
  </reporter-output>
  <suite name="Default Suite" duration-ms="5585" started-at="2022-05-12T12:36:09 BST" finished-at="2022-05-12T12:36:15 BST">
    <groups>
      <group name="smoke">
        <method signature="BankTest.loginlink()[pri:0, instance:com.globalsqa.testsuite.BankTest@2d8f65a4]" name="loginlink" class="com.globalsqa.testsuite.BankTest"/>
      </group> <!-- smoke -->
      <group name="sanity">
        <method signature="BankTest.loginlink()[pri:0, instance:com.globalsqa.testsuite.BankTest@2d8f65a4]" name="loginlink" class="com.globalsqa.testsuite.BankTest"/>
      </group> <!-- sanity -->
    </groups>
    <test name="demobank" duration-ms="5585" started-at="2022-05-12T12:36:09 BST" finished-at="2022-05-12T12:36:15 BST">
      <class name="com.globalsqa.testsuite.BankTest">
        <test-method status="PASS" signature="setUp()[pri:0, instance:com.globalsqa.testsuite.BankTest@2d8f65a4]" name="setUp" is-config="true" duration-ms="3351" started-at="2022-05-12T12:36:09 BST" finished-at="2022-05-12T12:36:13 BST">
          <reporter-output>
          </reporter-output>
        </test-method> <!-- setUp -->
        <test-method status="PASS" signature="loginlink()[pri:0, instance:com.globalsqa.testsuite.BankTest@2d8f65a4]" name="loginlink" duration-ms="1556" started-at="2022-05-12T12:36:13 BST" finished-at="2022-05-12T12:36:14 BST">
          <reporter-output>
          </reporter-output>
        </test-method> <!-- loginlink -->
        <test-method status="PASS" signature="tearDown()[pri:0, instance:com.globalsqa.testsuite.BankTest@2d8f65a4]" name="tearDown" is-config="true" duration-ms="638" started-at="2022-05-12T12:36:14 BST" finished-at="2022-05-12T12:36:15 BST">
          <reporter-output>
          </reporter-output>
        </test-method> <!-- tearDown -->
      </class> <!-- com.globalsqa.testsuite.BankTest -->
    </test> <!-- demobank -->
  </suite> <!-- Default Suite -->
</testng-results>
